<?xml version="1.0" encoding="UTF-8"?>
<testsuite xmlns:xsi="http://www.w3.org/2001/XMLSchema-instance" xsi:noNamespaceSchemaLocation="https://maven.apache.org/surefire/maven-surefire-plugin/xsd/surefire-test-report.xsd" version="3.0.2" name="test.nz.ac.massey.cs.sdc.taxcalculator.IncomeTaxCalculatorTest" time="0.096" tests="9" errors="0" skipped="0" failures="1">
  <properties>
[...]
</properties>
  <testcase name="testSmallIncome" classname="test.nz.ac.massey.cs.sdc.taxcalculator.IncomeTaxCalculatorTest" time="0.055">
    <system-out><![CDATA[0 [main] INFO nz.ac.massey.cs.sdc.taxcalculator.MasterDataReader  - importing tax brackets from /Users/atahir/Documents/repos/taxcalculator/taxbrackets.json
]]></system-out>
  </testcase>
  <testcase name="testZero" classname="test.nz.ac.massey.cs.sdc.taxcalculator.IncomeTaxCalculatorTest" time="0.001">
    <system-out><![CDATA[7 [main] INFO nz.ac.massey.cs.sdc.taxcalculator.MasterDataReader  - importing tax brackets from /Users/atahir/Documents/repos/taxcalculator/taxbrackets.json
7 [main] INFO nz.ac.massey.cs.sdc.taxcalculator.MasterDataReader  - importing tax brackets from /Users/atahir/Documents/repos/taxcalculator/taxbrackets.json
]]></system-out>
  </testcase>
  <testcase name="test1" classname="test.nz.ac.massey.cs.sdc.taxcalculator.IncomeTaxCalculatorTest" time="0.0">
    <system-out><![CDATA[9 [main] INFO nz.ac.massey.cs.sdc.taxcalculator.MasterDataReader  - importing tax brackets from /Users/atahir/Documents/repos/taxcalculator/taxbrackets.json
9 [main] INFO nz.ac.massey.cs.sdc.taxcalculator.MasterDataReader  - importing tax brackets from /Users/atahir/Documents/repos/taxcalculator/taxbrackets.json
9 [main] INFO nz.ac.massey.cs.sdc.taxcalculator.MasterDataReader  - importing tax brackets from /Users/atahir/Documents/repos/taxcalculator/taxbrackets.json
]]></system-out>
  </testcase>
  <testcase name="test2" classname="test.nz.ac.massey.cs.sdc.taxcalculator.IncomeTaxCalculatorTest" time="0.001">
    <system-out><![CDATA[10 [main] INFO nz.ac.massey.cs.sdc.taxcalculator.MasterDataReader  - importing tax brackets from /Users/atahir/Documents/repos/taxcalculator/taxbrackets.json
10 [main] INFO nz.ac.massey.cs.sdc.taxcalculator.MasterDataReader  - importing tax brackets from /Users/atahir/Documents/repos/taxcalculator/taxbrackets.json
10 [main] INFO nz.ac.massey.cs.sdc.taxcalculator.MasterDataReader  - importing tax brackets from /Users/atahir/Documents/repos/taxcalculator/taxbrackets.json
10 [main] INFO nz.ac.massey.cs.sdc.taxcalculator.MasterDataReader  - importing tax brackets from /Users/atahir/Documents/repos/taxcalculator/taxbrackets.json
]]></system-out>
  </testcase>
  <testcase name="test3" classname="test.nz.ac.massey.cs.sdc.taxcalculator.IncomeTaxCalculatorTest" time="0.0">
    <failure type="java.lang.AssertionError"><![CDATA[java.lang.AssertionError
	at org.junit.Assert.fail(Assert.java:86)
	at org.junit.Assert.assertTrue(Assert.java:41)
	at org.junit.Assert.assertTrue(Assert.java:52)
	at test.nz.ac.massey.cs.sdc.taxcalculator.IncomeTaxCalculatorTest.test3(IncomeTaxCalculatorTest.java:39)
	at java.base/jdk.internal.reflect.DirectMethodHandleAccessor.invoke(DirectMethodHandleAccessor.java:104)
	at java.base/java.lang.reflect.Method.invoke(Method.java:578)
	at org.junit.runners.model.FrameworkMethod$1.runReflectiveCall(FrameworkMethod.java:47)
	at org.junit.internal.runners.model.ReflectiveCallable.run(ReflectiveCallable.java:12)
	at org.junit.runners.model.FrameworkMethod.invokeExplosively(FrameworkMethod.java:44)
	at org.junit.internal.runners.statements.InvokeMethod.evaluate(InvokeMethod.java:17)
	at org.junit.internal.runners.statements.RunBefores.evaluate(RunBefores.java:26)
	at org.junit.internal.runners.statements.RunAfters.evaluate(RunAfters.java:27)
	at org.junit.runners.ParentRunner.runLeaf(ParentRunner.java:271)
	at org.junit.runners.BlockJUnit4ClassRunner.runChild(BlockJUnit4ClassRunner.java:70)
	at org.junit.runners.BlockJUnit4ClassRunner.runChild(BlockJUnit4ClassRunner.java:50)
	at org.junit.runners.ParentRunner$3.run(ParentRunner.java:238)
	at org.junit.runners.ParentRunner$1.schedule(ParentRunner.java:63)
	at org.junit.runners.ParentRunner.runChildren(ParentRunner.java:236)
	at org.junit.runners.ParentRunner.access$000(ParentRunner.java:53)
	at org.junit.runners.ParentRunner$2.evaluate(ParentRunner.java:229)
	at org.junit.runners.ParentRunner.run(ParentRunner.java:309)
	at org.apache.maven.surefire.junit4.JUnit4Provider.execute(JUnit4Provider.java:316)
	at org.apache.maven.surefire.junit4.JUnit4Provider.executeWithRerun(JUnit4Provider.java:240)
	at org.apache.maven.surefire.junit4.JUnit4Provider.executeTestSet(JUnit4Provider.java:214)
	at org.apache.maven.surefire.junit4.JUnit4Provider.invoke(JUnit4Provider.java:155)
	at org.apache.maven.surefire.booter.ForkedBooter.runSuitesInProcess(ForkedBooter.java:385)
	at org.apache.maven.surefire.booter.ForkedBooter.execute(ForkedBooter.java:162)
	at org.apache.maven.surefire.booter.ForkedBooter.run(ForkedBooter.java:507)
	at org.apache.maven.surefire.booter.ForkedBooter.main(ForkedBooter.java:495)
]]></failure>
  </testcase>
  <testcase name="test2InclPerformance" classname="test.nz.ac.massey.cs.sdc.taxcalculator.IncomeTaxCalculatorTest" time="0.001">
    <system-out><![CDATA[17 [Thread-1] INFO nz.ac.massey.cs.sdc.taxcalculator.MasterDataReader  - importing tax brackets from /Users/atahir/Documents/repos/taxcalculator/taxbrackets.json
17 [Thread-1] INFO nz.ac.massey.cs.sdc.taxcalculator.MasterDataReader  - importing tax brackets from /Users/atahir/Documents/repos/taxcalculator/taxbrackets.json
17 [Thread-1] INFO nz.ac.massey.cs.sdc.taxcalculator.MasterDataReader  - importing tax brackets from /Users/atahir/Documents/repos/taxcalculator/taxbrackets.json
17 [Thread-1] INFO nz.ac.massey.cs.sdc.taxcalculator.MasterDataReader  - importing tax brackets from /Users/atahir/Documents/repos/taxcalculator/taxbrackets.json
17 [Thread-1] INFO nz.ac.massey.cs.sdc.taxcalculator.MasterDataReader  - importing tax brackets from /Users/atahir/Documents/repos/taxcalculator/taxbrackets.json
]]></system-out>
  </testcase>
  <testcase name="testNegativeIncome1" classname="test.nz.ac.massey.cs.sdc.taxcalculator.IncomeTaxCalculatorTest" time="0.0"/>
  <testcase name="testNegativeIncome2" classname="test.nz.ac.massey.cs.sdc.taxcalculator.IncomeTaxCalculatorTest" time="0.0"/>
  <testcase name="testLargeIncome" classname="test.nz.ac.massey.cs.sdc.taxcalculator.IncomeTaxCalculatorTest" time="0.003">
    <system-out><![CDATA[21 [main] INFO nz.ac.massey.cs.sdc.taxcalculator.MasterDataReader  - importing tax brackets from /Users/atahir/Documents/repos/taxcalculator/taxbrackets.json
21 [main] INFO nz.ac.massey.cs.sdc.taxcalculator.MasterDataReader  - importing tax brackets from /Users/atahir/Documents/repos/taxcalculator/taxbrackets.json
21 [main] INFO nz.ac.massey.cs.sdc.taxcalculator.MasterDataReader  - importing tax brackets from /Users/atahir/Documents/repos/taxcalculator/taxbrackets.json
21 [main] INFO nz.ac.massey.cs.sdc.taxcalculator.MasterDataReader  - importing tax brackets from /Users/atahir/Documents/repos/taxcalculator/taxbrackets.json
21 [main] INFO nz.ac.massey.cs.sdc.taxcalculator.MasterDataReader  - importing tax brackets from /Users/atahir/Documents/repos/taxcalculator/taxbrackets.json
21 [main] INFO nz.ac.massey.cs.sdc.taxcalculator.MasterDataReader  - importing tax brackets from /Users/atahir/Documents/repos/taxcalculator/taxbrackets.json
]]></system-out>
  </testcase>
</testsuite>