<?xml version="1.0" encoding="UTF-8" ?>
<testsuite tests="11" failures="0" name="test.nz.ac.massey.cs.sdc.taxcalculator.IncomeTaxCalculatorBatchTest" time="0.084" errors="0" skipped="0">
  <properties>
[...]
</properties>
  <testcase classname="test.nz.ac.massey.cs.sdc.taxcalculator.IncomeTaxCalculatorBatchTest" name="test[0]" time="0.072"/>
  <testcase classname="test.nz.ac.massey.cs.sdc.taxcalculator.IncomeTaxCalculatorBatchTest" name="test[1]" time="0"/>
  <testcase classname="test.nz.ac.massey.cs.sdc.taxcalculator.IncomeTaxCalculatorBatchTest" name="test[2]" time="0.001"/>
  <testcase classname="test.nz.ac.massey.cs.sdc.taxcalculator.IncomeTaxCalculatorBatchTest" name="test[3]" time="0.001"/>
  <testcase classname="test.nz.ac.massey.cs.sdc.taxcalculator.IncomeTaxCalculatorBatchTest" name="test[4]" time="0.001"/>
  <testcase classname="test.nz.ac.massey.cs.sdc.taxcalculator.IncomeTaxCalculatorBatchTest" name="test[5]" time="0.001"/>
  <testcase classname="test.nz.ac.massey.cs.sdc.taxcalculator.IncomeTaxCalculatorBatchTest" name="test[6]" time="0.002"/>
  <testcase classname="test.nz.ac.massey.cs.sdc.taxcalculator.IncomeTaxCalculatorBatchTest" name="test[7]" time="0.001"/>
  <testcase classname="test.nz.ac.massey.cs.sdc.taxcalculator.IncomeTaxCalculatorBatchTest" name="test[8]" time="0.001"/>
  <testcase classname="test.nz.ac.massey.cs.sdc.taxcalculator.IncomeTaxCalculatorBatchTest" name="test[9]" time="0.002"/>
  <testcase classname="test.nz.ac.massey.cs.sdc.taxcalculator.IncomeTaxCalculatorBatchTest" name="test[10]" time="0.002"/>
</testsuite>