<?xml version="1.0" encoding="UTF-8" ?>
<testsuite tests="8" failures="1" name="test.nz.ac.massey.cs.sdc.taxcalculator.IncomeTaxCalculatorTest" time="0.011" errors="0" skipped="0">
  <properties>
    <property name="java.runtime.name" value="Java(TM) SE Runtime Environment"/>
    <property name="java.vm.version" value="16.0.1+9-24"/>
    <property name="sun.boot.library.path" value="/Library/Java/JavaVirtualMachines/jdk-16.0.1.jdk/Contents/Home/lib"/>
    <property name="maven.multiModuleProjectDirectory" value="/Users/atahir/Documents/repos/Teaching_159251/taxcalculator"/>
    <property name="java.vm.vendor" value="Oracle Corporation"/>
    <property name="java.vendor.url" value="https://java.oracle.com/"/>
    <property name="guice.disable.misplaced.annotation.check" value="true"/>
    <property name="path.separator" value=":"/>
    <property name="java.vm.name" value="Java HotSpot(TM) 64-Bit Server VM"/>
    <property name="user.country" value="NZ"/>
    <property name="sun.java.launcher" value="SUN_STANDARD"/>
    <property name="java.vm.specification.name" value="Java Virtual Machine Specification"/>
    <property name="user.dir" value="/Users/atahir/Documents/repos/Teaching_159251/taxcalculator"/>
    <property name="java.vm.compressedOopsMode" value="Zero based"/>
    <property name="java.runtime.version" value="16.0.1+9-24"/>
    <property name="os.arch" value="x86_64"/>
    <property name="java.io.tmpdir" value="/var/folders/km/9z20b62s7ll733d47ssm4ht8_j7w81/T/"/>
    <property name="line.separator" value="
"/>
    <property name="java.vm.specification.vendor" value="Oracle Corporation"/>
    <property name="os.name" value="Mac OS X"/>
    <property name="classworlds.conf" value="/Applications/apache-maven-3.8.1/bin/m2.conf"/>
    <property name="sun.jnu.encoding" value="UTF-8"/>
    <property name="java.library.path" value="/Users/atahir/Library/Java/Extensions:/Library/Java/Extensions:/Network/Library/Java/Extensions:/System/Library/Java/Extensions:/usr/lib/java:."/>
    <property name="maven.conf" value="/Applications/apache-maven-3.8.1/conf"/>
    <property name="jdk.debug" value="release"/>
    <property name="java.class.version" value="60.0"/>
    <property name="java.specification.name" value="Java Platform API Specification"/>
    <property name="sun.management.compiler" value="HotSpot 64-Bit Tiered Compilers"/>
    <property name="os.version" value="11.2"/>
    <property name="library.jansi.path" value="/Applications/apache-maven-3.8.1/lib/jansi-native"/>
    <property name="http.nonProxyHosts" value="local|*.local|169.254/16|*.169.254/16"/>
    <property name="user.home" value="/Users/atahir"/>
    <property name="user.timezone" value="Pacific/Auckland"/>
    <property name="file.encoding" value="UTF-8"/>
    <property name="java.specification.version" value="16"/>
    <property name="user.name" value="atahir"/>
    <property name="java.class.path" value="/Applications/apache-maven-3.8.1/boot/plexus-classworlds-2.6.0.jar"/>
    <property name="java.vm.specification.version" value="16"/>
    <property name="sun.arch.data.model" value="64"/>
    <property name="sun.java.command" value="org.codehaus.plexus.classworlds.launcher.Launcher clean test"/>
    <property name="java.home" value="/Library/Java/JavaVirtualMachines/jdk-16.0.1.jdk/Contents/Home"/>
    <property name="user.language" value="en"/>
    <property name="java.specification.vendor" value="Oracle Corporation"/>
    <property name="java.vm.info" value="mixed mode, sharing"/>
    <property name="java.version" value="16.0.1"/>
    <property name="java.vendor" value="Oracle Corporation"/>
    <property name="maven.home" value="/Applications/apache-maven-3.8.1"/>
    <property name="file.separator" value="/"/>
    <property name="java.version.date" value="2021-04-20"/>
    <property name="java.vendor.url.bug" value="https://bugreport.java.com/bugreport/"/>
    <property name="sun.io.unicode.encoding" value="UnicodeBig"/>
    <property name="sun.cpu.endian" value="little"/>
    <property name="socksNonProxyHosts" value="local|*.local|169.254/16|*.169.254/16"/>
    <property name="ftp.nonProxyHosts" value="local|*.local|169.254/16|*.169.254/16"/>
  </properties>
  <testcase classname="test.nz.ac.massey.cs.sdc.taxcalculator.IncomeTaxCalculatorTest" name="testSmallIncome" time="0.001"/>
  <testcase classname="test.nz.ac.massey.cs.sdc.taxcalculator.IncomeTaxCalculatorTest" name="testZero" time="0"/>
  <testcase classname="test.nz.ac.massey.cs.sdc.taxcalculator.IncomeTaxCalculatorTest" name="test1" time="0.003">
    <failure message="expected:&lt;12591.4&gt; but was:&lt;6.3&gt;" type="java.lang.AssertionError">java.lang.AssertionError: expected:&lt;12591.4&gt; but was:&lt;6.3&gt;
	at org.junit.Assert.fail(Assert.java:88)
	at org.junit.Assert.failNotEquals(Assert.java:743)
	at org.junit.Assert.assertEquals(Assert.java:494)
	at org.junit.Assert.assertEquals(Assert.java:592)
	at test.nz.ac.massey.cs.sdc.taxcalculator.IncomeTaxCalculatorTest.test1(IncomeTaxCalculatorTest.java:33)
	at java.base/jdk.internal.reflect.NativeMethodAccessorImpl.invoke0(Native Method)
	at java.base/jdk.internal.reflect.NativeMethodAccessorImpl.invoke(NativeMethodAccessorImpl.java:78)
	at java.base/jdk.internal.reflect.DelegatingMethodAccessorImpl.invoke(DelegatingMethodAccessorImpl.java:43)
	at java.base/java.lang.reflect.Method.invoke(Method.java:567)
	at org.junit.runners.model.FrameworkMethod$1.runReflectiveCall(FrameworkMethod.java:47)
	at org.junit.internal.runners.model.ReflectiveCallable.run(ReflectiveCallable.java:12)
	at org.junit.runners.model.FrameworkMethod.invokeExplosively(FrameworkMethod.java:44)
	at org.junit.internal.runners.statements.InvokeMethod.evaluate(InvokeMethod.java:17)
	at org.junit.internal.runners.statements.RunBefores.evaluate(RunBefores.java:26)
	at org.junit.internal.runners.statements.RunAfters.evaluate(RunAfters.java:27)
	at org.junit.runners.ParentRunner.runLeaf(ParentRunner.java:271)
	at org.junit.runners.BlockJUnit4ClassRunner.runChild(BlockJUnit4ClassRunner.java:70)
	at org.junit.runners.BlockJUnit4ClassRunner.runChild(BlockJUnit4ClassRunner.java:50)
	at org.junit.runners.ParentRunner$3.run(ParentRunner.java:238)
	at org.junit.runners.ParentRunner$1.schedule(ParentRunner.java:63)
	at org.junit.runners.ParentRunner.runChildren(ParentRunner.java:236)
	at org.junit.runners.ParentRunner.access$000(ParentRunner.java:53)
	at org.junit.runners.ParentRunner$2.evaluate(ParentRunner.java:229)
	at org.junit.runners.ParentRunner.run(ParentRunner.java:309)
	at org.apache.maven.surefire.junit4.JUnit4Provider.execute(JUnit4Provider.java:252)
	at org.apache.maven.surefire.junit4.JUnit4Provider.executeTestSet(JUnit4Provider.java:141)
	at org.apache.maven.surefire.junit4.JUnit4Provider.invoke(JUnit4Provider.java:112)
	at java.base/jdk.internal.reflect.NativeMethodAccessorImpl.invoke0(Native Method)
	at java.base/jdk.internal.reflect.NativeMethodAccessorImpl.invoke(NativeMethodAccessorImpl.java:78)
	at java.base/jdk.internal.reflect.DelegatingMethodAccessorImpl.invoke(DelegatingMethodAccessorImpl.java:43)
	at java.base/java.lang.reflect.Method.invoke(Method.java:567)
	at org.apache.maven.surefire.util.ReflectionUtils.invokeMethodWithArray(ReflectionUtils.java:189)
	at org.apache.maven.surefire.booter.ProviderFactory$ProviderProxy.invoke(ProviderFactory.java:165)
	at org.apache.maven.surefire.booter.ProviderFactory.invokeProvider(ProviderFactory.java:85)
	at org.apache.maven.surefire.booter.ForkedBooter.runSuitesInProcess(ForkedBooter.java:115)
	at org.apache.maven.surefire.booter.ForkedBooter.main(ForkedBooter.java:75)
</failure>
    <system-out>51 [main] INFO nz.ac.massey.cs.sdc.taxcalculator.MasterDataReader  - importing tax brackets from /Users/atahir/Documents/repos/Teaching_159251/taxcalculator/taxbrackets.json
51 [main] INFO nz.ac.massey.cs.sdc.taxcalculator.MasterDataReader  - importing tax brackets from /Users/atahir/Documents/repos/Teaching_159251/taxcalculator/taxbrackets.json
51 [main] INFO nz.ac.massey.cs.sdc.taxcalculator.MasterDataReader  - importing tax brackets from /Users/atahir/Documents/repos/Teaching_159251/taxcalculator/taxbrackets.json
51 [main] INFO nz.ac.massey.cs.sdc.taxcalculator.MasterDataReader  - importing tax brackets from /Users/atahir/Documents/repos/Teaching_159251/taxcalculator/taxbrackets.json
51 [main] INFO nz.ac.massey.cs.sdc.taxcalculator.MasterDataReader  - importing tax brackets from /Users/atahir/Documents/repos/Teaching_159251/taxcalculator/taxbrackets.json
51 [main] INFO nz.ac.massey.cs.sdc.taxcalculator.MasterDataReader  - importing tax brackets from /Users/atahir/Documents/repos/Teaching_159251/taxcalculator/taxbrackets.json
51 [main] INFO nz.ac.massey.cs.sdc.taxcalculator.MasterDataReader  - importing tax brackets from /Users/atahir/Documents/repos/Teaching_159251/taxcalculator/taxbrackets.json
51 [main] INFO nz.ac.massey.cs.sdc.taxcalculator.MasterDataReader  - importing tax brackets from /Users/atahir/Documents/repos/Teaching_159251/taxcalculator/taxbrackets.json
51 [main] INFO nz.ac.massey.cs.sdc.taxcalculator.MasterDataReader  - importing tax brackets from /Users/atahir/Documents/repos/Teaching_159251/taxcalculator/taxbrackets.json
51 [main] INFO nz.ac.massey.cs.sdc.taxcalculator.MasterDataReader  - importing tax brackets from /Users/atahir/Documents/repos/Teaching_159251/taxcalculator/taxbrackets.json
51 [main] INFO nz.ac.massey.cs.sdc.taxcalculator.MasterDataReader  - importing tax brackets from /Users/atahir/Documents/repos/Teaching_159251/taxcalculator/taxbrackets.json
51 [main] INFO nz.ac.massey.cs.sdc.taxcalculator.MasterDataReader  - importing tax brackets from /Users/atahir/Documents/repos/Teaching_159251/taxcalculator/taxbrackets.json
51 [main] INFO nz.ac.massey.cs.sdc.taxcalculator.MasterDataReader  - importing tax brackets from /Users/atahir/Documents/repos/Teaching_159251/taxcalculator/taxbrackets.json
51 [main] INFO nz.ac.massey.cs.sdc.taxcalculator.MasterDataReader  - importing tax brackets from /Users/atahir/Documents/repos/Teaching_159251/taxcalculator/taxbrackets.json
</system-out>
  </testcase>
  <testcase classname="test.nz.ac.massey.cs.sdc.taxcalculator.IncomeTaxCalculatorTest" name="test2" time="0.002"/>
  <testcase classname="test.nz.ac.massey.cs.sdc.taxcalculator.IncomeTaxCalculatorTest" name="test2InclPerformance" time="0.003"/>
  <testcase classname="test.nz.ac.massey.cs.sdc.taxcalculator.IncomeTaxCalculatorTest" name="testNegativeIncome1" time="0.001"/>
  <testcase classname="test.nz.ac.massey.cs.sdc.taxcalculator.IncomeTaxCalculatorTest" name="testNegativeIncome2" time="0"/>
  <testcase classname="test.nz.ac.massey.cs.sdc.taxcalculator.IncomeTaxCalculatorTest" name="testLargeIncome" time="0.001"/>
</testsuite>