<?xml version="1.0" encoding="UTF-8" ?>
<testsuite tests="8" failures="1" name="test.nz.ac.massey.cs.sdc.taxcalculator.IncomeTaxCalculatorTest" time="0.011" errors="0" skipped="0">
  <properties>
[...]
</properties>
  <testcase classname="test.nz.ac.massey.cs.sdc.taxcalculator.IncomeTaxCalculatorTest" name="testSmallIncome" time="0.001"/>
  <testcase classname="test.nz.ac.massey.cs.sdc.taxcalculator.IncomeTaxCalculatorTest" name="testZero" time="0"/>
  <testcase classname="test.nz.ac.massey.cs.sdc.taxcalculator.IncomeTaxCalculatorTest" name="test1" time="0.003">
    <failure message="expected:&lt;12591.4&gt; but was:&lt;6.3&gt;" type="java.lang.AssertionError">java.lang.AssertionError: expected:&lt;12591.4&gt; but was:&lt;6.3&gt;
	at org.junit.Assert.fail(Assert.java:88)
	at org.junit.Assert.failNotEquals(Assert.java:743)
	at org.junit.Assert.assertEquals(Assert.java:494)
	at org.junit.Assert.assertEquals(Assert.java:592)
	at test.nz.ac.massey.cs.sdc.taxcalculator.IncomeTaxCalculatorTest.test1(IncomeTaxCalculatorTest.java:33)
	at java.base/jdk.internal.reflect.NativeMethodAccessorImpl.invoke0(Native Method)
	at java.base/jdk.internal.reflect.NativeMethodAccessorImpl.invoke(NativeMethodAccessorImpl.java:78)
	at java.base/jdk.internal.reflect.DelegatingMethodAccessorImpl.invoke(DelegatingMethodAccessorImpl.java:43)
	at java.base/java.lang.reflect.Method.invoke(Method.java:567)
	at org.junit.runners.model.FrameworkMethod$1.runReflectiveCall(FrameworkMethod.java:47)
	at org.junit.internal.runners.model.ReflectiveCallable.run(ReflectiveCallable.java:12)
	at org.junit.runners.model.FrameworkMethod.invokeExplosively(FrameworkMethod.java:44)
	at org.junit.internal.runners.statements.InvokeMethod.evaluate(InvokeMethod.java:17)
	at org.junit.internal.runners.statements.RunBefores.evaluate(RunBefores.java:26)
	at org.junit.internal.runners.statements.RunAfters.evaluate(RunAfters.java:27)
	at org.junit.runners.ParentRunner.runLeaf(ParentRunner.java:271)
	at org.junit.runners.BlockJUnit4ClassRunner.runChild(BlockJUnit4ClassRunner.java:70)
	at org.junit.runners.BlockJUnit4ClassRunner.runChild(BlockJUnit4ClassRunner.java:50)
	at org.junit.runners.ParentRunner$3.run(ParentRunner.java:238)
	at org.junit.runners.ParentRunner$1.schedule(ParentRunner.java:63)
	at org.junit.runners.ParentRunner.runChildren(ParentRunner.java:236)
	at org.junit.runners.ParentRunner.access$000(ParentRunner.java:53)
	at org.junit.runners.ParentRunner$2.evaluate(ParentRunner.java:229)
	at org.junit.runners.ParentRunner.run(ParentRunner.java:309)
	at org.apache.maven.surefire.junit4.JUnit4Provider.execute(JUnit4Provider.java:252)
	at org.apache.maven.surefire.junit4.JUnit4Provider.executeTestSet(JUnit4Provider.java:141)
	at org.apache.maven.surefire.junit4.JUnit4Provider.invoke(JUnit4Provider.java:112)
	at java.base/jdk.internal.reflect.NativeMethodAccessorImpl.invoke0(Native Method)
	at java.base/jdk.internal.reflect.NativeMethodAccessorImpl.invoke(NativeMethodAccessorImpl.java:78)
	at java.base/jdk.internal.reflect.DelegatingMethodAccessorImpl.invoke(DelegatingMethodAccessorImpl.java:43)
	at java.base/java.lang.reflect.Method.invoke(Method.java:567)
	at org.apache.maven.surefire.util.ReflectionUtils.invokeMethodWithArray(ReflectionUtils.java:189)
	at org.apache.maven.surefire.booter.ProviderFactory$ProviderProxy.invoke(ProviderFactory.java:165)
	at org.apache.maven.surefire.booter.ProviderFactory.invokeProvider(ProviderFactory.java:85)
	at org.apache.maven.surefire.booter.ForkedBooter.runSuitesInProcess(ForkedBooter.java:115)
	at org.apache.maven.surefire.booter.ForkedBooter.main(ForkedBooter.java:75)
</failure>
    <system-out>51 [main] INFO nz.ac.massey.cs.sdc.taxcalculator.MasterDataReader  - importing tax brackets from /Users/atahir/Documents/repos/Teaching_159251/taxcalculator/taxbrackets.json
51 [main] INFO nz.ac.massey.cs.sdc.taxcalculator.MasterDataReader  - importing tax brackets from /Users/atahir/Documents/repos/Teaching_159251/taxcalculator/taxbrackets.json
51 [main] INFO nz.ac.massey.cs.sdc.taxcalculator.MasterDataReader  - importing tax brackets from /Users/atahir/Documents/repos/Teaching_159251/taxcalculator/taxbrackets.json
51 [main] INFO nz.ac.massey.cs.sdc.taxcalculator.MasterDataReader  - importing tax brackets from /Users/atahir/Documents/repos/Teaching_159251/taxcalculator/taxbrackets.json
51 [main] INFO nz.ac.massey.cs.sdc.taxcalculator.MasterDataReader  - importing tax brackets from /Users/atahir/Documents/repos/Teaching_159251/taxcalculator/taxbrackets.json
51 [main] INFO nz.ac.massey.cs.sdc.taxcalculator.MasterDataReader  - importing tax brackets from /Users/atahir/Documents/repos/Teaching_159251/taxcalculator/taxbrackets.json
51 [main] INFO nz.ac.massey.cs.sdc.taxcalculator.MasterDataReader  - importing tax brackets from /Users/atahir/Documents/repos/Teaching_159251/taxcalculator/taxbrackets.json
51 [main] INFO nz.ac.massey.cs.sdc.taxcalculator.MasterDataReader  - importing tax brackets from /Users/atahir/Documents/repos/Teaching_159251/taxcalculator/taxbrackets.json
51 [main] INFO nz.ac.massey.cs.sdc.taxcalculator.MasterDataReader  - importing tax brackets from /Users/atahir/Documents/repos/Teaching_159251/taxcalculator/taxbrackets.json
51 [main] INFO nz.ac.massey.cs.sdc.taxcalculator.MasterDataReader  - importing tax brackets from /Users/atahir/Documents/repos/Teaching_159251/taxcalculator/taxbrackets.json
51 [main] INFO nz.ac.massey.cs.sdc.taxcalculator.MasterDataReader  - importing tax brackets from /Users/atahir/Documents/repos/Teaching_159251/taxcalculator/taxbrackets.json
51 [main] INFO nz.ac.massey.cs.sdc.taxcalculator.MasterDataReader  - importing tax brackets from /Users/atahir/Documents/repos/Teaching_159251/taxcalculator/taxbrackets.json
51 [main] INFO nz.ac.massey.cs.sdc.taxcalculator.MasterDataReader  - importing tax brackets from /Users/atahir/Documents/repos/Teaching_159251/taxcalculator/taxbrackets.json
51 [main] INFO nz.ac.massey.cs.sdc.taxcalculator.MasterDataReader  - importing tax brackets from /Users/atahir/Documents/repos/Teaching_159251/taxcalculator/taxbrackets.json
</system-out>
  </testcase>
  <testcase classname="test.nz.ac.massey.cs.sdc.taxcalculator.IncomeTaxCalculatorTest" name="test2" time="0.002"/>
  <testcase classname="test.nz.ac.massey.cs.sdc.taxcalculator.IncomeTaxCalculatorTest" name="test2InclPerformance" time="0.003"/>
  <testcase classname="test.nz.ac.massey.cs.sdc.taxcalculator.IncomeTaxCalculatorTest" name="testNegativeIncome1" time="0.001"/>
  <testcase classname="test.nz.ac.massey.cs.sdc.taxcalculator.IncomeTaxCalculatorTest" name="testNegativeIncome2" time="0"/>
  <testcase classname="test.nz.ac.massey.cs.sdc.taxcalculator.IncomeTaxCalculatorTest" name="testLargeIncome" time="0.001"/>
</testsuite>